2022-06-03 09:04:42,786 - log - TASK - -------------------------- MAJ DU DEPOT -------------------------------
2022-06-03 09:04:42,786 - log - WARNING - Fichier JSON absent
2022-06-03 09:04:42,985 - log - INFO - met à jour : %s
2022-06-03 09:04:42,986 - log - INFO - met à jour : %s
2022-06-03 09:04:42,987 - log - INFO - met à jour : %s
2022-06-03 09:04:42,989 - log - INFO - met à jour : %s
2022-06-03 09:04:42,989 - log - INFO - met à jour : %s
2022-06-03 09:04:42,990 - log - INFO - met à jour : %s
2022-06-03 09:04:42,992 - log - INFO - met à jour : %s
2022-06-03 09:04:42,993 - log - INFO - met à jour : %s
2022-06-03 09:04:42,994 - log - INFO - met à jour : %s
2022-06-03 09:04:42,995 - log - INFO - met à jour : %s
2022-06-03 09:04:42,996 - log - INFO - met à jour : %s
2022-06-03 09:04:42,997 - log - INFO - met à jour : %s
2022-06-03 09:04:42,998 - log - INFO - met à jour : %s
2022-06-03 09:04:42,999 - log - INFO - met à jour : %s
2022-06-03 09:04:43,000 - log - INFO - met à jour : %s
2022-06-03 09:04:43,001 - log - INFO - met à jour : %s
2022-06-03 09:04:43,002 - log - INFO - met à jour : %s
2022-06-03 09:04:43,002 - log - INFO - met à jour : %s
2022-06-03 09:04:43,003 - log - INFO - met à jour : %s
2022-06-03 09:04:43,004 - log - INFO - met à jour : %s
2022-06-03 09:04:43,004 - log - INFO - met à jour : %s
2022-06-03 09:04:43,005 - log - INFO - met à jour : %s
2022-06-03 09:04:43,005 - log - INFO - met à jour : %s
2022-06-03 09:04:43,008 - log - INFO - met à jour : %s
2022-06-03 09:04:43,011 - log - INFO - met à jour : %s
2022-06-03 09:04:43,012 - log - INFO - met à jour : %s
2022-06-03 09:04:43,015 - log - INFO - met à jour : %s
2022-06-03 09:04:43,018 - log - INFO - met à jour : %s
2022-06-03 09:04:43,020 - log - INFO - met à jour : %s
2022-06-03 09:04:43,021 - log - INFO - met à jour : %s
2022-06-03 09:04:43,022 - log - INFO - met à jour : %s
2022-06-03 09:04:43,022 - log - INFO - met à jour : %s
2022-06-03 09:04:43,025 - log - INFO - met à jour : %s
2022-06-03 09:04:43,026 - log - INFO - met à jour : %s
2022-06-03 09:04:43,029 - log - INFO - met à jour : %s
2022-06-03 09:04:43,034 - log - INFO - met à jour : %s
2022-06-03 09:04:43,035 - log - INFO - met à jour : %s
2022-06-03 09:04:43,037 - log - INFO - met à jour : %s
2022-06-03 09:04:43,038 - log - INFO - met à jour : %s
2022-06-03 09:04:43,038 - log - INFO - met à jour : %s
2022-06-03 09:04:43,039 - log - INFO - met à jour : %s
2022-06-03 09:04:43,040 - log - INFO - met à jour : %s
2022-06-03 09:04:43,043 - log - INFO - met à jour : %s
2022-06-03 09:04:43,043 - log - INFO - met à jour : %s
2022-06-03 09:04:43,044 - log - INFO - met à jour : %s
2022-06-03 09:04:43,047 - log - INFO - met à jour : %s
2022-06-03 09:04:43,050 - log - INFO - met à jour : %s
2022-06-03 09:04:43,051 - log - INFO - met à jour : %s
2022-06-03 09:04:43,052 - log - INFO - met à jour : %s
2022-06-03 09:04:43,055 - log - INFO - met à jour : %s
2022-06-03 09:04:43,055 - log - INFO - met à jour : %s
2022-06-03 09:04:43,058 - log - INFO - met à jour : %s
2022-06-03 09:04:43,105 - log - INFO - met à jour : %s
2022-06-03 09:04:43,106 - log - INFO - met à jour : %s
2022-06-03 09:04:43,107 - log - INFO - met à jour : %s
2022-06-03 09:04:43,119 - log - INFO - met à jour : %s
2022-06-03 09:04:43,120 - log - INFO - met à jour : %s
2022-06-03 09:04:43,126 - log - INFO - met à jour : %s
2022-06-03 09:04:43,126 - log - INFO - met à jour : %s
2022-06-03 09:04:43,127 - log - INFO - met à jour : %s
2022-06-03 09:04:43,129 - log - INFO - met à jour : %s
2022-06-03 09:04:43,137 - log - INFO - met à jour : %s
2022-06-03 09:04:43,138 - log - INFO - met à jour : %s
2022-06-03 09:04:43,139 - log - INFO - met à jour : %s
2022-06-03 09:04:43,140 - log - INFO - met à jour : %s
2022-06-03 09:04:43,140 - log - INFO - met à jour : %s
2022-06-03 09:04:43,141 - log - INFO - met à jour : %s
2022-06-03 09:04:43,142 - log - INFO - met à jour : %s
2022-06-03 09:04:43,159 - log - INFO - met à jour : %s
2022-06-03 09:04:43,160 - log - INFO - met à jour : %s
2022-06-03 09:04:43,160 - log - INFO - met à jour : %s
2022-06-03 09:04:43,166 - log - INFO - met à jour : %s
2022-06-03 09:04:43,166 - log - INFO - met à jour : %s
2022-06-03 09:04:43,167 - log - INFO - met à jour : %s
2022-06-03 09:04:43,169 - log - INFO - met à jour : %s
2022-06-03 09:04:43,177 - log - INFO - met à jour : %s
2022-06-03 09:04:43,177 - log - INFO - met à jour : %s
2022-06-03 09:04:43,178 - log - INFO - met à jour : %s
2022-06-03 09:04:43,179 - log - INFO - met à jour : %s
2022-06-03 09:04:43,180 - log - INFO - met à jour : %s
2022-06-03 09:04:43,180 - log - INFO - met à jour : %s
2022-06-03 09:04:43,181 - log - INFO - met à jour : %s
2022-06-03 09:04:43,181 - log - INFO - met à jour : %s
2022-06-03 09:04:43,182 - log - INFO - met à jour : %s
2022-06-03 09:04:43,183 - log - INFO - met à jour : %s
2022-06-03 09:04:43,183 - log - INFO - met à jour : %s
2022-06-03 09:04:43,184 - log - INFO - met à jour : %s
2022-06-03 09:04:43,184 - log - INFO - met à jour : %s
2022-06-03 09:04:43,185 - log - INFO - met à jour : %s
2022-06-03 09:04:43,185 - log - INFO - met à jour : %s
2022-06-03 09:04:43,186 - log - INFO - met à jour : %s
2022-06-03 09:04:43,186 - log - INFO - met à jour : %s
2022-06-03 09:04:43,192 - log - INFO - met à jour : %s
2022-06-03 09:04:43,193 - log - INFO - met à jour : %s
2022-06-03 09:04:43,194 - log - INFO - met à jour : %s
2022-06-03 09:04:43,195 - log - INFO - met à jour : %s
2022-06-03 09:04:43,203 - log - INFO - met à jour : %s
2022-06-03 09:04:43,203 - log - INFO - met à jour : %s
2022-06-03 09:04:43,204 - log - INFO - met à jour : %s
2022-06-03 09:04:43,205 - log - INFO - met à jour : %s
2022-06-03 09:04:43,206 - log - INFO - met à jour : %s
2022-06-03 09:04:43,207 - log - INFO - met à jour : %s
2022-06-03 09:04:43,207 - log - INFO - met à jour : %s
2022-06-03 09:04:43,208 - log - INFO - met à jour : %s
2022-06-03 09:04:43,208 - log - INFO - met à jour : %s
2022-06-03 09:04:43,209 - log - INFO - met à jour : %s
2022-06-03 09:04:43,209 - log - INFO - met à jour : %s
2022-06-03 09:04:43,215 - log - INFO - met à jour : %s
2022-06-03 09:04:43,218 - log - INFO - met à jour : %s
2022-06-03 09:04:43,218 - log - INFO - met à jour : %s
2022-06-03 09:04:43,219 - log - INFO - met à jour : %s
2022-06-03 09:04:43,220 - log - INFO - met à jour : %s
2022-06-03 09:04:43,221 - log - INFO - met à jour : %s
2022-06-03 09:04:43,229 - log - INFO - met à jour : %s
2022-06-03 09:04:43,230 - log - INFO - met à jour : %s
2022-06-03 09:04:43,231 - log - INFO - met à jour : %s
2022-06-03 09:04:43,231 - log - INFO - met à jour : %s
2022-06-03 09:04:43,232 - log - INFO - met à jour : %s
2022-06-03 09:04:43,233 - log - INFO - met à jour : %s
2022-06-03 09:04:43,233 - log - INFO - met à jour : %s
2022-06-03 09:04:43,234 - log - INFO - met à jour : %s
2022-06-03 09:04:43,235 - log - INFO - met à jour : %s
2022-06-03 09:04:43,236 - log - INFO - met à jour : %s
2022-06-03 09:04:43,236 - log - INFO - met à jour : %s
2022-06-03 09:04:43,237 - log - INFO - met à jour : %s
2022-06-03 09:04:43,237 - log - INFO - met à jour : %s
2022-06-03 09:04:43,240 - log - INFO - met à jour : %s
2022-06-03 09:04:43,240 - log - INFO - met à jour : %s
2022-06-03 09:04:43,241 - log - INFO - met à jour : %s
2022-06-03 09:04:43,243 - log - INFO - met à jour : %s
2022-06-03 09:04:43,244 - log - INFO - met à jour : %s
2022-06-03 09:04:43,244 - log - INFO - met à jour : %s
2022-06-03 09:04:43,247 - log - INFO - met à jour : %s
2022-06-03 09:04:43,249 - log - INFO - met à jour : %s
2022-06-03 09:04:43,249 - log - INFO - met à jour : %s
2022-06-03 09:04:43,250 - log - INFO - met à jour : %s
2022-06-03 09:04:43,251 - log - INFO - met à jour : %s
2022-06-03 09:04:43,252 - log - INFO - met à jour : %s
2022-06-03 09:04:43,253 - log - INFO - met à jour : %s
2022-06-03 09:04:43,255 - log - INFO - met à jour : %s
2022-06-03 09:04:43,258 - log - INFO - met à jour : %s
2022-06-03 09:04:43,259 - log - INFO - met à jour : %s
2022-06-03 09:04:43,260 - log - INFO - met à jour : %s
2022-06-03 09:04:43,262 - log - INFO - met à jour : %s
2022-06-03 09:04:43,263 - log - INFO - met à jour : %s
2022-06-03 09:04:43,264 - log - INFO - met à jour : %s
2022-06-03 09:04:43,265 - log - INFO - met à jour : %s
2022-06-03 09:04:43,266 - log - INFO - met à jour : %s
2022-06-03 09:04:43,267 - log - INFO - met à jour : %s
2022-06-03 09:04:43,268 - log - INFO - met à jour : %s
2022-06-03 09:04:43,268 - log - INFO - met à jour : %s
2022-06-03 09:04:43,269 - log - INFO - met à jour : %s
2022-06-03 09:04:43,270 - log - INFO - met à jour : %s
2022-06-03 09:04:43,271 - log - INFO - met à jour : %s
2022-06-03 09:04:43,271 - log - INFO - met à jour : %s
2022-06-03 09:04:43,272 - log - INFO - met à jour : %s
2022-06-03 09:04:43,273 - log - INFO - met à jour : %s
2022-06-03 09:04:43,273 - log - INFO - met à jour : %s
2022-06-03 09:04:43,274 - log - INFO - met à jour : %s
2022-06-03 09:04:43,275 - log - INFO - met à jour : %s
2022-06-03 09:04:43,275 - log - INFO - met à jour : %s
2022-06-03 09:04:43,276 - log - INFO - met à jour : %s
2022-06-03 09:04:43,276 - log - INFO - met à jour : %s
2022-06-03 09:04:43,277 - log - INFO - met à jour : %s
2022-06-03 09:04:43,278 - log - INFO - met à jour : %s
2022-06-03 09:04:43,278 - log - INFO - met à jour : %s
2022-06-03 09:04:43,279 - log - INFO - met à jour : %s
2022-06-03 09:04:43,280 - log - INFO - met à jour : %s
2022-06-03 09:04:43,280 - log - INFO - met à jour : %s
2022-06-03 09:04:43,281 - log - INFO - met à jour : %s
2022-06-03 09:04:43,281 - log - INFO - met à jour : %s
2022-06-03 09:04:43,282 - log - INFO - met à jour : %s
2022-06-03 09:04:43,283 - log - INFO - met à jour : %s
2022-06-03 09:04:43,283 - log - INFO - met à jour : %s
2022-06-03 09:04:43,284 - log - INFO - met à jour : %s
2022-06-03 09:04:43,285 - log - INFO - met à jour : %s
2022-06-03 09:04:43,285 - log - INFO - met à jour : %s
2022-06-03 09:04:43,287 - log - INFO - met à jour : %s
2022-06-03 09:04:43,288 - log - INFO - met à jour : %s
2022-06-03 09:04:43,291 - log - INFO - met à jour : %s
2022-06-03 09:04:43,294 - log - INFO - met à jour : %s
2022-06-03 09:04:43,295 - log - INFO - met à jour : %s
2022-06-03 09:04:43,296 - log - INFO - met à jour : %s
2022-06-03 09:04:43,296 - log - INFO - met à jour : %s
2022-06-03 09:04:43,297 - log - INFO - met à jour : %s
2022-06-03 09:04:43,298 - log - INFO - met à jour : %s
2022-06-03 09:04:43,299 - log - INFO - met à jour : %s
2022-06-03 09:04:43,301 - log - INFO - met à jour : %s
2022-06-03 09:04:43,301 - log - INFO - met à jour : %s
2022-06-03 09:04:43,302 - log - INFO - met à jour : %s
2022-06-03 09:04:43,303 - log - INFO - met à jour : %s
2022-06-03 09:04:43,305 - log - INFO - met à jour : %s
2022-06-03 09:04:43,306 - log - INFO - met à jour : %s
2022-06-03 09:04:43,307 - log - INFO - met à jour : %s
2022-06-03 09:04:43,309 - log - INFO - met à jour : %s
2022-06-03 09:04:43,309 - log - INFO - met à jour : %s
2022-06-03 09:04:43,311 - log - INFO - met à jour : %s
2022-06-03 09:04:43,312 - log - INFO - met à jour : %s
2022-06-03 09:04:43,315 - log - INFO - met à jour : %s
2022-06-03 09:04:43,318 - log - INFO - met à jour : %s
2022-06-03 09:04:43,319 - log - INFO - met à jour : %s
2022-06-03 09:04:43,320 - log - INFO - met à jour : %s
2022-06-03 09:04:43,321 - log - INFO - met à jour : %s
2022-06-03 09:04:43,322 - log - INFO - met à jour : %s
2022-06-03 09:04:43,323 - log - INFO - met à jour : %s
2022-06-03 09:04:43,324 - log - INFO - met à jour : %s
2022-06-03 09:04:43,325 - log - INFO - met à jour : %s
2022-06-03 09:04:43,325 - log - INFO - met à jour : %s
2022-06-03 09:04:43,326 - log - INFO - met à jour : %s
2022-06-03 09:04:43,327 - log - INFO - met à jour : %s
2022-06-03 09:04:43,327 - log - INFO - met à jour : %s
2022-06-03 09:04:43,329 - log - INFO - met à jour : %s
2022-06-03 09:04:43,329 - log - INFO - met à jour : %s
2022-06-03 09:04:43,330 - log - INFO - met à jour : %s
2022-06-03 09:04:43,332 - log - INFO - met à jour : %s
2022-06-03 09:04:43,334 - log - INFO - met à jour : %s
2022-06-03 09:04:43,335 - log - INFO - met à jour : %s
2022-06-03 09:04:43,336 - log - INFO - met à jour : %s
2022-06-03 09:04:43,338 - log - INFO - met à jour : %s
2022-06-03 09:04:43,338 - log - INFO - met à jour : %s
2022-06-03 09:04:43,339 - log - INFO - met à jour : %s
2022-06-03 09:04:43,342 - log - INFO - met à jour : %s
2022-06-03 09:04:43,342 - log - INFO - met à jour : %s
2022-06-03 09:04:43,343 - log - INFO - met à jour : %s
2022-06-03 09:04:43,344 - log - INFO - met à jour : %s
2022-06-03 09:04:43,345 - log - INFO - met à jour : %s
2022-06-03 09:04:43,346 - log - INFO - met à jour : %s
2022-06-03 09:04:43,347 - log - INFO - met à jour : %s
2022-06-03 09:04:43,348 - log - INFO - met à jour : %s
2022-06-03 09:04:43,349 - log - INFO - met à jour : %s
2022-06-03 09:04:43,353 - log - INFO - met à jour : %s
2022-06-03 09:04:43,439 - log - INFO - met à jour : %s
2022-06-03 09:04:43,440 - log - INFO - met à jour : %s
2022-06-03 09:04:43,518 - log - INFO - met à jour : %s
2022-06-03 09:04:43,520 - log - INFO - met à jour : %s
2022-06-03 09:04:43,523 - log - INFO - met à jour : %s
2022-06-03 09:04:43,525 - log - INFO - met à jour : %s
2022-06-03 09:04:43,526 - log - INFO - met à jour : %s
2022-06-03 09:04:43,527 - log - INFO - met à jour : %s
2022-06-03 09:04:43,528 - log - INFO - met à jour : %s
2022-06-03 09:04:43,530 - log - INFO - met à jour : %s
2022-06-03 09:04:43,532 - log - INFO - met à jour : %s
2022-06-03 09:04:43,534 - log - INFO - met à jour : %s
2022-06-03 09:04:43,536 - log - INFO - met à jour : %s
2022-06-03 09:04:43,538 - log - INFO - met à jour : %s
2022-06-03 09:04:43,539 - log - INFO - met à jour : %s
2022-06-03 09:04:43,539 - log - INFO - met à jour : %s
2022-06-03 09:04:43,540 - log - INFO - met à jour : %s
2022-06-03 09:04:43,541 - log - INFO - met à jour : %s
2022-06-03 09:04:43,542 - log - INFO - met à jour : %s
2022-06-03 09:04:43,543 - log - INFO - met à jour : %s
2022-06-03 09:04:43,544 - log - INFO - met à jour : %s
2022-06-03 09:04:43,544 - log - INFO - met à jour : %s
2022-06-03 09:04:43,545 - log - INFO - met à jour : %s
2022-06-03 09:04:43,546 - log - INFO - met à jour : %s
2022-06-03 09:04:43,547 - log - INFO - met à jour : %s
2022-06-03 09:04:43,548 - log - INFO - met à jour : %s
2022-06-03 09:04:43,549 - log - INFO - met à jour : %s
2022-06-03 09:04:43,550 - log - INFO - met à jour : %s
2022-06-03 09:04:43,551 - log - INFO - met à jour : %s
2022-06-03 09:04:43,551 - log - INFO - met à jour : %s
2022-06-03 09:04:43,553 - log - INFO - met à jour : %s
2022-06-03 09:04:43,554 - log - INFO - met à jour : %s
2022-06-03 09:04:43,556 - log - INFO - met à jour : %s
2022-06-03 09:04:43,557 - log - INFO - met à jour : %s
2022-06-03 09:04:43,559 - log - INFO - met à jour : %s
2022-06-03 09:04:43,560 - log - INFO - met à jour : %s
2022-06-03 09:04:43,561 - log - INFO - met à jour : %s
2022-06-03 09:04:43,563 - log - INFO - met à jour : %s
2022-06-03 09:04:43,565 - log - INFO - met à jour : %s
2022-06-03 09:04:43,565 - log - INFO - met à jour : %s
2022-06-03 09:04:43,567 - log - INFO - met à jour : %s
2022-06-03 09:04:43,569 - log - INFO - met à jour : %s
2022-06-03 09:04:43,570 - log - INFO - met à jour : %s
2022-06-03 09:04:43,571 - log - INFO - met à jour : %s
2022-06-03 09:04:43,572 - log - INFO - met à jour : %s
2022-06-03 09:04:43,573 - log - INFO - met à jour : %s
2022-06-03 09:04:43,573 - log - INFO - met à jour : %s
2022-06-03 09:04:43,574 - log - INFO - met à jour : %s
2022-06-03 09:04:43,575 - log - INFO - met à jour : %s
2022-06-03 09:04:43,576 - log - INFO - met à jour : %s
2022-06-03 09:04:43,576 - log - INFO - met à jour : %s
2022-06-03 09:04:43,577 - log - INFO - met à jour : %s
2022-06-03 09:04:43,578 - log - INFO - met à jour : %s
2022-06-03 09:04:43,578 - log - INFO - met à jour : %s
2022-06-03 09:04:43,579 - log - INFO - met à jour : %s
2022-06-03 09:04:43,580 - log - INFO - met à jour : %s
2022-06-03 09:04:43,580 - log - INFO - met à jour : %s
2022-06-03 09:04:43,581 - log - INFO - met à jour : %s
2022-06-03 09:04:43,582 - log - INFO - met à jour : %s
2022-06-03 09:04:43,583 - log - INFO - met à jour : %s
2022-06-03 09:04:43,583 - log - INFO - met à jour : %s
2022-06-03 09:04:43,584 - log - INFO - met à jour : %s
2022-06-03 09:04:43,585 - log - INFO - met à jour : %s
2022-06-03 09:04:43,585 - log - INFO - met à jour : %s
2022-06-03 09:04:43,586 - log - INFO - met à jour : %s
2022-06-03 09:04:43,587 - log - INFO - met à jour : %s
2022-06-03 09:04:43,588 - log - INFO - met à jour : %s
2022-06-03 09:04:43,588 - log - INFO - met à jour : %s
2022-06-03 09:04:43,589 - log - INFO - met à jour : %s
2022-06-03 09:04:43,590 - log - INFO - met à jour : %s
2022-06-03 09:04:43,590 - log - INFO - met à jour : %s
2022-06-03 09:04:43,591 - log - INFO - met à jour : %s
2022-06-03 09:04:43,592 - log - INFO - met à jour : %s
2022-06-03 09:04:43,592 - log - INFO - met à jour : %s
2022-06-03 09:04:43,593 - log - INFO - met à jour : %s
2022-06-03 09:04:43,594 - log - INFO - met à jour : %s
2022-06-03 09:04:43,594 - log - INFO - met à jour : %s
2022-06-03 09:04:43,595 - log - INFO - met à jour : %s
2022-06-03 09:04:43,595 - log - INFO - met à jour : %s
2022-06-03 09:04:43,596 - log - INFO - met à jour : %s
2022-06-03 09:04:43,597 - log - INFO - met à jour : %s
2022-06-03 09:04:43,597 - log - INFO - met à jour : %s
2022-06-03 09:04:43,598 - log - INFO - met à jour : %s
2022-06-03 09:04:43,598 - log - INFO - met à jour : %s
2022-06-03 09:04:43,601 - log - INFO - met à jour : %s
2022-06-03 09:04:43,602 - log - INFO - met à jour : %s
2022-06-03 09:04:43,603 - log - INFO - met à jour : %s
2022-06-03 09:04:43,603 - log - INFO - met à jour : %s
2022-06-03 09:04:43,604 - log - INFO - met à jour : %s
2022-06-03 09:04:43,605 - log - INFO - met à jour : %s
2022-06-03 09:04:43,606 - log - INFO - met à jour : %s
2022-06-03 09:04:43,607 - log - INFO - met à jour : %s
2022-06-03 09:04:43,608 - log - INFO - met à jour : %s
2022-06-03 09:04:43,608 - log - INFO - met à jour : %s
2022-06-03 09:04:43,609 - log - INFO - met à jour : %s
2022-06-03 09:04:43,610 - log - INFO - met à jour : %s
2022-06-03 09:04:43,611 - log - INFO - met à jour : %s
2022-06-03 09:04:43,611 - log - INFO - met à jour : %s
2022-06-03 09:04:43,612 - log - INFO - met à jour : %s
2022-06-03 09:04:43,613 - log - INFO - met à jour : %s
2022-06-03 09:04:43,613 - log - INFO - met à jour : %s
2022-06-03 09:04:43,614 - log - INFO - met à jour : %s
2022-06-03 09:04:43,615 - log - INFO - met à jour : %s
2022-06-03 09:04:43,616 - log - INFO - met à jour : %s
2022-06-03 09:04:43,616 - log - INFO - met à jour : %s
2022-06-03 09:04:43,617 - log - INFO - met à jour : %s
2022-06-03 09:04:43,618 - log - INFO - met à jour : %s
2022-06-03 09:04:43,618 - log - INFO - met à jour : %s
2022-06-03 09:04:43,619 - log - INFO - met à jour : %s
2022-06-03 09:04:43,620 - log - INFO - met à jour : %s
2022-06-03 09:04:43,621 - log - INFO - met à jour : %s
2022-06-03 09:04:43,622 - log - INFO - met à jour : %s
2022-06-03 09:04:43,623 - log - INFO - met à jour : %s
2022-06-03 09:04:43,625 - log - INFO - met à jour : %s
2022-06-03 09:04:43,626 - log - INFO - met à jour : %s
2022-06-03 09:04:43,627 - log - INFO - met à jour : %s
2022-06-03 09:04:43,629 - log - INFO - met à jour : %s
2022-06-03 09:04:43,630 - log - INFO - met à jour : %s
2022-06-03 09:04:43,630 - log - INFO - met à jour : %s
2022-06-03 09:04:43,631 - log - INFO - met à jour : %s
2022-06-03 09:04:43,633 - log - INFO - met à jour : %s
2022-06-03 09:04:43,635 - log - INFO - met à jour : %s
2022-06-03 09:04:43,636 - log - INFO - met à jour : %s
2022-06-03 09:04:43,637 - log - INFO - met à jour : %s
2022-06-03 09:04:43,639 - log - INFO - met à jour : %s
2022-06-03 09:04:43,642 - log - INFO - met à jour : %s
2022-06-03 09:04:43,643 - log - INFO - met à jour : %s
2022-06-03 09:04:43,644 - log - INFO - met à jour : %s
2022-06-03 09:04:43,645 - log - INFO - met à jour : %s
2022-06-03 09:04:43,646 - log - INFO - met à jour : %s
2022-06-03 09:04:43,647 - log - INFO - met à jour : %s
2022-06-03 09:04:43,647 - log - INFO - met à jour : %s
2022-06-03 09:04:43,648 - log - INFO - met à jour : %s
2022-06-03 09:04:43,649 - log - INFO - met à jour : %s
2022-06-03 09:04:43,650 - log - INFO - met à jour : %s
2022-06-03 09:04:43,651 - log - INFO - met à jour : %s
2022-06-03 09:04:43,651 - log - INFO - met à jour : %s
2022-06-03 09:04:43,653 - log - INFO - met à jour : %s
2022-06-03 09:04:43,655 - log - INFO - met à jour : %s
2022-06-03 09:04:43,657 - log - INFO - met à jour : %s
2022-06-03 09:04:43,658 - log - INFO - met à jour : %s
2022-06-03 09:04:43,658 - log - INFO - met à jour : %s
2022-06-03 09:04:43,659 - log - INFO - met à jour : %s
2022-06-03 09:04:43,660 - log - INFO - met à jour : %s
2022-06-03 09:04:43,660 - log - INFO - met à jour : %s
2022-06-03 09:04:43,661 - log - INFO - met à jour : %s
2022-06-03 09:04:43,661 - log - INFO - met à jour : %s
2022-06-03 09:04:43,663 - log - INFO - met à jour : %s
2022-06-03 09:04:43,664 - log - INFO - met à jour : %s
2022-06-03 09:04:43,665 - log - INFO - met à jour : %s
2022-06-03 09:04:43,667 - log - INFO - met à jour : %s
2022-06-03 09:04:43,668 - log - INFO - met à jour : %s
2022-06-03 09:04:43,669 - log - INFO - met à jour : %s
2022-06-03 09:04:43,671 - log - INFO - met à jour : %s
2022-06-03 09:04:43,675 - log - INFO - met à jour : %s
2022-06-03 09:04:43,677 - log - INFO - met à jour : %s
2022-06-03 09:04:43,678 - log - INFO - met à jour : %s
2022-06-03 09:04:43,679 - log - INFO - met à jour : %s
2022-06-03 09:04:43,680 - log - INFO - met à jour : %s
2022-06-03 09:04:43,683 - log - INFO - met à jour : %s
2022-06-03 09:04:43,684 - log - INFO - met à jour : %s
2022-06-03 09:04:43,686 - log - INFO - met à jour : %s
2022-06-03 09:04:43,687 - log - INFO - met à jour : %s
2022-06-03 09:04:43,688 - log - INFO - met à jour : %s
2022-06-03 09:04:43,689 - log - INFO - met à jour : %s
2022-06-03 09:04:43,690 - log - INFO - met à jour : %s
2022-06-03 09:04:43,698 - log - INFO - met à jour : %s
2022-06-03 09:04:43,699 - log - INFO - met à jour : %s
2022-06-03 09:04:43,700 - log - INFO - met à jour : %s
2022-06-03 09:04:43,700 - log - INFO - met à jour : %s
2022-06-03 09:04:43,741 - log - INFO - met à jour : %s
2022-06-03 09:04:43,751 - log - INFO - met à jour : %s
2022-06-03 09:04:43,772 - log - INFO - met à jour : %s
2022-06-03 09:04:43,777 - log - INFO - met à jour : %s
2022-06-03 09:04:43,783 - log - INFO - met à jour : %s
2022-06-03 09:04:43,788 - log - INFO - met à jour : %s
2022-06-03 09:04:43,802 - log - INFO - met à jour : %s
2022-06-03 09:04:43,815 - log - INFO - met à jour : %s
2022-06-03 09:04:43,818 - log - INFO - met à jour : %s
2022-06-03 09:04:43,820 - log - INFO - met à jour : %s
2022-06-03 09:04:43,822 - log - INFO - met à jour : %s
2022-06-03 09:04:43,824 - log - INFO - met à jour : %s
2022-06-03 09:04:43,826 - log - INFO - met à jour : %s
2022-06-03 09:04:43,834 - log - INFO - met à jour : %s
2022-06-03 09:04:43,837 - log - INFO - met à jour : %s
2022-06-03 09:04:43,838 - log - INFO - met à jour : %s
2022-06-03 09:04:43,841 - log - INFO - met à jour : %s
2022-06-03 09:04:43,841 - log - INFO - met à jour : %s
2022-06-03 09:04:43,842 - log - INFO - met à jour : %s
2022-06-03 09:04:43,843 - log - INFO - met à jour : %s
2022-06-03 09:04:43,844 - log - INFO - met à jour : %s
2022-06-03 09:04:43,845 - log - INFO - met à jour : %s
2022-06-03 09:04:43,860 - log - INFO - met à jour : %s
2022-06-03 09:04:43,861 - log - INFO - met à jour : %s
2022-06-03 09:04:43,904 - log - INFO - met à jour : %s
2022-06-03 09:04:43,905 - log - INFO - met à jour : %s
2022-06-03 09:04:43,907 - log - INFO - met à jour : %s
2022-06-03 09:04:43,938 - log - INFO - met à jour : %s
2022-06-03 09:04:44,128 - log - INFO - met à jour : %s
2022-06-03 09:04:44,141 - log - INFO - met à jour : %s
2022-06-03 09:04:44,144 - log - INFO - met à jour : %s
2022-06-03 09:04:44,145 - log - INFO - met à jour : %s
2022-06-03 09:04:44,146 - log - INFO - met à jour : %s
2022-06-03 09:04:44,148 - log - INFO - met à jour : %s
2022-06-03 09:04:44,151 - log - INFO - met à jour : %s
2022-06-03 09:04:44,153 - log - INFO - met à jour : %s
2022-06-03 09:04:44,156 - log - INFO - met à jour : %s
2022-06-03 09:04:44,157 - log - INFO - met à jour : %s
2022-06-03 09:04:44,158 - log - INFO - met à jour : %s
2022-06-03 09:04:44,161 - log - INFO - met à jour : %s
2022-06-03 09:04:44,162 - log - INFO - met à jour : %s
2022-06-03 09:04:44,164 - log - INFO - met à jour : %s
2022-06-03 09:04:44,166 - log - INFO - met à jour : %s
2022-06-03 09:04:44,168 - log - INFO - met à jour : %s
2022-06-03 09:04:44,169 - log - INFO - met à jour : %s
2022-06-03 09:04:44,170 - log - INFO - met à jour : %s
2022-06-03 09:04:44,170 - log - INFO - met à jour : %s
2022-06-03 09:04:44,171 - log - INFO - met à jour : %s
2022-06-03 09:04:44,172 - log - INFO - met à jour : %s
2022-06-03 09:04:44,173 - log - INFO - met à jour : %s
2022-06-03 09:04:44,174 - log - INFO - met à jour : %s
2022-06-03 09:04:44,175 - log - INFO - met à jour : %s
2022-06-03 09:04:44,176 - log - INFO - met à jour : %s
2022-06-03 09:04:44,179 - log - INFO - met à jour : %s
2022-06-03 09:04:44,179 - log - INFO - met à jour : %s
2022-06-03 09:04:44,182 - log - INFO - met à jour : %s
2022-06-03 09:04:44,184 - log - INFO - met à jour : %s
2022-06-03 09:04:44,184 - log - INFO - met à jour : %s
2022-06-03 09:04:44,185 - log - INFO - met à jour : %s
2022-06-03 09:04:44,186 - log - INFO - met à jour : %s
2022-06-03 09:04:44,186 - log - INFO - met à jour : %s
2022-06-03 09:04:44,187 - log - INFO - met à jour : %s
2022-06-03 09:04:44,187 - log - INFO - met à jour : %s
2022-06-03 09:04:44,188 - log - INFO - met à jour : %s
2022-06-03 09:04:44,191 - log - INFO - met à jour : %s
2022-06-03 09:04:44,193 - log - INFO - met à jour : %s
2022-06-03 09:04:44,194 - log - INFO - met à jour : %s
2022-06-03 09:04:44,196 - log - INFO - met à jour : %s
2022-06-03 09:04:44,197 - log - INFO - met à jour : %s
2022-06-03 09:04:44,199 - log - INFO - met à jour : %s
2022-06-03 09:04:44,200 - log - INFO - met à jour : %s
2022-06-03 09:04:44,202 - log - INFO - met à jour : %s
2022-06-03 09:04:44,205 - log - INFO - met à jour : %s
2022-06-03 09:04:44,207 - log - INFO - met à jour : %s
2022-06-03 09:04:44,208 - log - INFO - met à jour : %s
2022-06-03 09:04:44,208 - log - INFO - met à jour : %s
2022-06-03 09:04:44,209 - log - INFO - met à jour : %s
2022-06-03 09:04:44,210 - log - INFO - met à jour : %s
2022-06-03 09:04:44,210 - log - INFO - met à jour : %s
2022-06-03 09:04:44,211 - log - INFO - met à jour : %s
2022-06-03 09:04:44,211 - log - INFO - met à jour : %s
2022-06-03 09:04:44,212 - log - INFO - met à jour : %s
2022-06-03 09:04:44,213 - log - INFO - met à jour : %s
2022-06-03 09:04:44,213 - log - INFO - met à jour : %s
2022-06-03 09:04:44,214 - log - INFO - met à jour : %s
2022-06-03 09:04:44,215 - log - INFO - met à jour : %s
2022-06-03 09:04:44,215 - log - INFO - met à jour : %s
2022-06-03 09:04:44,216 - log - INFO - met à jour : %s
2022-06-03 09:04:44,217 - log - INFO - met à jour : %s
2022-06-03 09:04:44,220 - log - INFO - met à jour : %s
2022-06-03 09:04:44,221 - log - INFO - met à jour : %s
2022-06-03 09:04:44,222 - log - INFO - met à jour : %s
2022-06-03 09:04:44,224 - log - INFO - met à jour : %s
2022-06-03 09:04:44,225 - log - INFO - met à jour : %s
2022-06-03 09:04:44,226 - log - INFO - met à jour : %s
2022-06-03 09:04:44,227 - log - INFO - met à jour : %s
2022-06-03 09:04:44,306 - log - INFO - met à jour : %s
2022-06-03 09:04:44,309 - log - INFO - met à jour : %s
2022-06-03 09:04:44,311 - log - INFO - met à jour : %s
2022-06-03 09:04:44,313 - log - INFO - met à jour : %s
2022-06-03 09:04:44,315 - log - INFO - met à jour : %s
2022-06-03 09:04:44,316 - log - INFO - met à jour : %s
2022-06-03 09:04:44,317 - log - INFO - met à jour : %s
2022-06-03 09:04:44,317 - log - INFO - met à jour : %s
2022-06-03 09:04:44,318 - log - INFO - met à jour : %s
2022-06-03 09:04:44,319 - log - INFO - met à jour : %s
2022-06-03 09:04:44,319 - log - INFO - met à jour : %s
2022-06-03 09:04:44,320 - log - INFO - met à jour : %s
2022-06-03 09:04:44,322 - log - INFO - met à jour : %s
2022-06-03 09:04:44,327 - log - INFO - met à jour : %s
2022-06-03 09:04:44,330 - log - INFO - met à jour : %s
2022-06-03 09:04:44,332 - log - INFO - met à jour : %s
2022-06-03 09:04:44,333 - log - INFO - met à jour : %s
2022-06-03 09:04:44,334 - log - INFO - met à jour : %s
2022-06-03 09:04:44,335 - log - INFO - met à jour : %s
2022-06-03 09:04:44,335 - log - INFO - met à jour : %s
2022-06-03 09:04:44,337 - log - INFO - met à jour : %s
2022-06-03 09:04:44,338 - log - INFO - met à jour : %s
2022-06-03 09:04:44,341 - log - INFO - met à jour : %s
2022-06-03 09:04:44,342 - log - INFO - met à jour : %s
2022-06-03 09:04:44,344 - log - INFO - met à jour : %s
2022-06-03 09:04:44,346 - log - INFO - met à jour : %s
2022-06-03 09:04:44,348 - log - INFO - met à jour : %s
2022-06-03 09:04:44,349 - log - INFO - met à jour : %s
2022-06-03 09:04:44,351 - log - INFO - met à jour : %s
2022-06-03 09:04:44,353 - log - INFO - met à jour : %s
2022-06-03 09:04:44,355 - log - INFO - met à jour : %s
2022-06-03 09:04:44,358 - log - INFO - met à jour : %s
2022-06-03 09:04:44,359 - log - INFO - met à jour : %s
2022-06-03 09:04:44,359 - log - INFO - met à jour : %s
2022-06-03 09:04:44,360 - log - INFO - met à jour : %s
2022-06-03 09:04:44,361 - log - INFO - met à jour : %s
2022-06-03 09:04:44,362 - log - INFO - met à jour : %s
2022-06-03 09:04:44,363 - log - INFO - met à jour : %s
2022-06-03 09:04:44,363 - log - INFO - met à jour : %s
2022-06-03 09:04:44,365 - log - INFO - met à jour : %s
2022-06-03 09:04:44,366 - log - INFO - met à jour : %s
2022-06-03 09:04:44,368 - log - INFO - met à jour : %s
2022-06-03 09:04:44,369 - log - INFO - met à jour : %s
2022-06-03 09:04:44,370 - log - INFO - met à jour : %s
2022-06-03 09:04:44,372 - log - INFO - met à jour : %s
2022-06-03 09:04:44,372 - log - INFO - met à jour : %s
2022-06-03 09:04:44,373 - log - INFO - met à jour : %s
2022-06-03 09:04:44,374 - log - INFO - met à jour : %s
2022-06-03 09:04:44,374 - log - INFO - met à jour : %s
2022-06-03 09:04:44,377 - log - INFO - met à jour : %s
2022-06-03 09:04:44,380 - log - INFO - met à jour : %s
2022-06-03 09:04:44,381 - log - INFO - met à jour : %s
2022-06-03 09:04:44,382 - log - INFO - met à jour : %s
2022-06-03 09:04:44,383 - log - INFO - met à jour : %s
2022-06-03 09:04:44,384 - log - INFO - met à jour : %s
2022-06-03 09:04:44,384 - log - INFO - met à jour : %s
2022-06-03 09:04:44,385 - log - INFO - met à jour : %s
2022-06-03 09:04:44,385 - log - INFO - met à jour : %s
2022-06-03 09:04:44,386 - log - INFO - met à jour : %s
2022-06-03 09:04:44,387 - log - INFO - met à jour : %s
2022-06-03 09:04:44,387 - log - INFO - met à jour : %s
2022-06-03 09:04:44,388 - log - INFO - met à jour : %s
2022-06-03 09:04:44,389 - log - INFO - met à jour : %s
2022-06-03 09:04:44,389 - log - INFO - met à jour : %s
2022-06-03 09:04:44,390 - log - INFO - met à jour : %s
2022-06-03 09:04:44,391 - log - INFO - met à jour : %s
2022-06-03 09:04:44,391 - log - INFO - met à jour : %s
2022-06-03 09:04:44,392 - log - INFO - met à jour : %s
2022-06-03 09:04:44,394 - log - INFO - met à jour : %s
2022-06-03 09:04:44,397 - log - INFO - met à jour : %s
2022-06-03 09:04:44,399 - log - INFO - met à jour : %s
2022-06-03 09:04:44,400 - log - INFO - met à jour : %s
2022-06-03 09:04:44,402 - log - INFO - met à jour : %s
2022-06-03 09:04:44,404 - log - INFO - met à jour : %s
2022-06-03 09:04:44,405 - log - INFO - met à jour : %s
2022-06-03 09:04:44,408 - log - INFO - met à jour : %s
2022-06-03 09:04:44,410 - log - INFO - met à jour : %s
2022-06-03 09:04:44,416 - log - INFO - met à jour : %s
2022-06-03 09:04:44,418 - log - INFO - met à jour : %s
2022-06-03 09:04:44,420 - log - INFO - met à jour : %s
2022-06-03 09:04:44,422 - log - INFO - met à jour : %s
2022-06-03 09:04:44,424 - log - INFO - met à jour : %s
2022-06-03 09:04:44,426 - log - INFO - met à jour : %s
2022-06-03 09:04:44,427 - log - INFO - met à jour : %s
2022-06-03 09:04:44,428 - log - INFO - met à jour : %s
2022-06-03 09:04:44,429 - log - INFO - met à jour : %s
2022-06-03 09:04:44,430 - log - INFO - met à jour : %s
2022-06-03 09:04:44,431 - log - INFO - met à jour : %s
2022-06-03 09:04:44,431 - log - INFO - met à jour : %s
2022-06-03 09:04:44,432 - log - INFO - met à jour : %s
2022-06-03 09:04:44,433 - log - INFO - met à jour : %s
2022-06-03 09:04:44,435 - log - INFO - met à jour : %s
2022-06-03 09:04:44,437 - log - INFO - met à jour : %s
2022-06-03 09:04:44,440 - log - INFO - met à jour : %s
2022-06-03 09:04:44,441 - log - INFO - met à jour : %s
2022-06-03 09:04:44,444 - log - INFO - met à jour : %s
2022-06-03 09:04:44,449 - log - INFO - met à jour : %s
2022-06-03 09:04:44,450 - log - INFO - met à jour : %s
2022-06-03 09:04:44,450 - log - INFO - met à jour : %s
2022-06-03 09:04:44,451 - log - INFO - met à jour : %s
2022-06-03 09:04:44,452 - log - INFO - met à jour : %s
2022-06-03 09:04:44,453 - log - INFO - met à jour : %s
2022-06-03 09:04:44,453 - log - INFO - met à jour : %s
2022-06-03 09:04:44,454 - log - INFO - met à jour : %s
2022-06-03 09:04:44,455 - log - INFO - met à jour : %s
2022-06-03 09:04:44,456 - log - INFO - met à jour : %s
2022-06-03 09:04:44,458 - log - INFO - met à jour : %s
2022-06-03 09:04:44,460 - log - INFO - met à jour : %s
2022-06-03 09:04:44,461 - log - INFO - met à jour : %s
2022-06-03 09:04:44,464 - log - INFO - met à jour : %s
2022-06-03 09:04:44,487 - log - INFO - met à jour : %s
2022-06-03 09:04:44,526 - log - INFO - met à jour : %s
2022-06-03 09:04:44,571 - log - INFO - met à jour : %s
2022-06-03 09:04:44,574 - log - INFO - met à jour : %s
2022-06-03 09:04:44,588 - log - INFO - met à jour : %s
2022-06-03 09:04:44,605 - log - INFO - met à jour : %s
2022-06-03 09:04:44,607 - log - INFO - met à jour : %s
2022-06-03 09:04:44,608 - log - INFO - met à jour : %s
2022-06-03 09:04:44,610 - log - INFO - met à jour : %s
2022-06-03 09:04:44,611 - log - INFO - met à jour : %s
2022-06-03 09:04:44,612 - log - INFO - met à jour : %s
2022-06-03 09:04:44,614 - log - INFO - met à jour : %s
2022-06-03 09:04:44,614 - log - INFO - met à jour : %s
2022-06-03 09:04:44,615 - log - INFO - met à jour : %s
2022-06-03 09:04:44,616 - log - INFO - met à jour : %s
2022-06-03 09:04:44,616 - log - INFO - met à jour : %s
2022-06-03 09:04:44,617 - log - INFO - met à jour : %s
2022-06-03 09:04:44,617 - log - INFO - met à jour : %s
2022-06-03 09:04:44,619 - log - INFO - met à jour : %s
2022-06-03 09:04:44,621 - log - INFO - met à jour : %s
2022-06-03 09:04:44,622 - log - INFO - met à jour : %s
2022-06-03 09:04:44,622 - log - INFO - met à jour : %s
2022-06-03 09:04:44,623 - log - INFO - met à jour : %s
2022-06-03 09:04:44,624 - log - INFO - met à jour : %s
2022-06-03 09:04:44,634 - log - INFO - met à jour : %s
2022-06-03 09:04:44,635 - log - INFO - met à jour : %s
2022-06-03 09:04:44,636 - log - INFO - met à jour : %s
2022-06-03 09:04:44,636 - log - INFO - met à jour : %s
2022-06-03 09:04:44,637 - log - INFO - met à jour : %s
2022-06-03 09:04:44,638 - log - INFO - met à jour : %s
2022-06-03 09:04:44,639 - log - INFO - met à jour : %s
2022-06-03 09:04:44,639 - log - INFO - met à jour : %s
2022-06-03 09:04:44,640 - log - INFO - met à jour : %s
2022-06-03 09:04:44,640 - log - INFO - met à jour : %s
2022-06-03 09:04:44,692 - log - INFO - met à jour : %s
2022-06-03 09:04:44,692 - log - INFO - met à jour : %s
2022-06-03 09:04:44,694 - log - INFO - met à jour : %s
2022-06-03 09:04:44,695 - log - INFO - met à jour : %s
2022-06-03 09:04:44,697 - log - INFO - met à jour : %s
2022-06-03 09:04:44,699 - log - INFO - met à jour : %s
2022-06-03 09:04:44,699 - log - INFO - met à jour : %s
2022-06-03 09:04:44,700 - log - INFO - met à jour : %s
2022-06-03 09:04:44,701 - log - INFO - met à jour : %s
2022-06-03 09:04:44,702 - log - INFO - met à jour : %s
2022-06-03 09:04:44,703 - log - INFO - met à jour : %s
2022-06-03 09:04:44,704 - log - INFO - met à jour : %s
2022-06-03 09:04:44,704 - log - INFO - met à jour : %s
2022-06-03 09:04:44,707 - log - INFO - met à jour : %s
2022-06-03 09:04:44,707 - log - INFO - met à jour : %s
2022-06-03 09:04:44,710 - log - INFO - met à jour : %s
2022-06-03 09:04:44,711 - log - INFO - met à jour : %s
2022-06-03 09:04:44,712 - log - INFO - met à jour : %s
2022-06-03 09:04:44,713 - log - INFO - met à jour : %s
2022-06-03 09:04:44,713 - log - INFO - met à jour : %s
2022-06-03 09:04:44,714 - log - INFO - met à jour : %s
2022-06-03 09:04:44,715 - log - INFO - met à jour : %s
2022-06-03 09:04:44,715 - log - INFO - met à jour : %s
2022-06-03 09:04:44,716 - log - INFO - met à jour : %s
2022-06-03 09:04:44,716 - log - INFO - met à jour : %s
2022-06-03 09:04:44,717 - log - INFO - met à jour : %s
2022-06-03 09:04:44,718 - log - INFO - met à jour : %s
2022-06-03 09:04:44,718 - log - INFO - met à jour : %s
2022-06-03 09:04:44,719 - log - INFO - met à jour : %s
2022-06-03 09:04:44,722 - log - INFO - met à jour : %s
2022-06-03 09:04:44,725 - log - INFO - met à jour : %s
2022-06-03 09:04:44,725 - log - INFO - met à jour : %s
2022-06-03 09:04:44,727 - log - INFO - met à jour : %s
2022-06-03 09:04:44,729 - log - INFO - met à jour : %s
2022-06-03 09:04:44,731 - log - INFO - met à jour : %s
2022-06-03 09:04:44,734 - log - INFO - met à jour : %s
2022-06-03 09:04:44,735 - log - INFO - met à jour : %s
2022-06-03 09:04:44,738 - log - INFO - met à jour : %s
2022-06-03 09:04:44,739 - log - INFO - met à jour : %s
2022-06-03 09:04:44,740 - log - INFO - met à jour : %s
2022-06-03 09:04:44,742 - log - INFO - met à jour : %s
2022-06-03 09:04:44,744 - log - INFO - met à jour : %s
2022-06-03 09:04:44,744 - log - INFO - met à jour : %s
2022-06-03 09:04:44,745 - log - INFO - met à jour : %s
2022-06-03 09:04:44,746 - log - INFO - met à jour : %s
2022-06-03 09:04:44,747 - log - INFO - met à jour : %s
2022-06-03 09:04:44,748 - log - INFO - met à jour : %s
2022-06-03 09:04:44,749 - log - INFO - met à jour : %s
2022-06-03 09:04:44,749 - log - INFO - met à jour : %s
2022-06-03 09:04:44,751 - log - INFO - met à jour : %s
2022-06-03 09:04:44,752 - log - INFO - met à jour : %s
2022-06-03 09:04:44,752 - log - INFO - met à jour : %s
2022-06-03 09:04:44,753 - log - INFO - met à jour : %s
2022-06-03 09:04:44,754 - log - INFO - met à jour : %s
2022-06-03 09:04:44,755 - log - INFO - met à jour : %s
2022-06-03 09:04:44,756 - log - INFO - met à jour : %s
2022-06-03 09:04:44,757 - log - INFO - met à jour : %s
2022-06-03 09:04:44,757 - log - INFO - met à jour : %s
2022-06-03 09:04:44,759 - log - INFO - met à jour : %s
2022-06-03 09:04:44,760 - log - INFO - met à jour : %s
2022-06-03 09:04:44,761 - log - INFO - met à jour : %s
2022-06-03 09:04:44,761 - log - INFO - met à jour : %s
2022-06-03 09:04:44,762 - log - INFO - met à jour : %s
2022-06-03 09:04:44,762 - log - INFO - met à jour : %s
2022-06-03 09:04:44,768 - log - INFO - met à jour : %s
2022-06-03 09:04:44,770 - log - INFO - met à jour : %s
2022-06-03 09:04:44,770 - log - INFO - met à jour : %s
2022-06-03 09:04:44,771 - log - INFO - met à jour : %s
2022-06-03 09:04:44,772 - log - INFO - met à jour : %s
2022-06-03 09:04:44,772 - log - INFO - met à jour : %s
2022-06-03 09:04:44,773 - log - INFO - met à jour : %s
2022-06-03 09:04:44,774 - log - INFO - met à jour : %s
2022-06-03 09:04:44,774 - log - INFO - met à jour : %s
2022-06-03 09:04:44,775 - log - INFO - met à jour : %s
2022-06-03 09:04:44,777 - log - INFO - met à jour : %s
2022-06-03 09:04:44,784 - log - INFO - met à jour : %s
2022-06-03 09:04:44,786 - log - INFO - met à jour : %s
2022-06-03 09:04:44,787 - log - INFO - met à jour : %s
2022-06-03 09:04:44,789 - log - INFO - met à jour : %s
2022-06-03 09:04:44,789 - log - INFO - met à jour : %s
2022-06-03 09:04:44,790 - log - TASK - -------------------------- CREATION JSON -------------------------------
2022-06-03 09:04:44,866 - log - INFO - mise à jour du json
